<?xml version="1.0" encoding="UTF-8"?>
<testng-results ignored="0" total="1" passed="1" failed="0" skipped="0">
  <reporter-output>
  </reporter-output>
  <suite started-at="2024-06-16T18:29:35 IST" name="Default suite" finished-at="2024-06-16T18:29:42 IST" duration-ms="6999">
    <groups>
    </groups>
    <test started-at="2024-06-16T18:29:35 IST" name="Default test" finished-at="2024-06-16T18:29:42 IST" duration-ms="6999">
      <class name="com.e2etest.qa.Tests.LoginTest">
        <test-method signature="initializeBrowser()[pri:0, instance:com.e2etest.qa.Tests.LoginTest@7ce69770]" started-at="2024-06-16T18:29:35 IST" name="initializeBrowser" finished-at="2024-06-16T18:29:42 IST" duration-ms="6954" status="PASS">
          <reporter-output>
          </reporter-output>
        </test-method> <!-- initializeBrowser -->
      </class> <!-- com.e2etest.qa.Tests.LoginTest -->
    </test> <!-- Default test -->
  </suite> <!-- Default suite -->
</testng-results>
